<?xml version="1.0" encoding="UTF-8"?>
<cpeDescription xmlns="http://uima.apache.org/resourceSpecifier">
    <collectionReader>
        <collectionIterator>
            <descriptor>
                <import name="fr.lipn.nlptools.uima.common.TokenByLineCollectionReader"/>
            </descriptor>
            <configurationParameterSettings>
                <nameValuePair>
                    <name>InputDirectory</name>
                    <value>
                        <string>tests/data/bug-yatea-stephane-spaces-tokens</string>
                    </value>
                </nameValuePair>
                <nameValuePair>
                    <name>Encoding</name>
                    <value>
                        <string>ascii</string>
                    </value>
                </nameValuePair>
                <nameValuePair>
                    <name>Language</name>
                    <value>
                        <string>en</string>
                    </value>
                </nameValuePair>
                <nameValuePair>
                    <name>TagSentences</name>
                    <value>
                        <boolean>true</boolean>
                    </value>
                </nameValuePair>
            </configurationParameterSettings>
        </collectionIterator>
    </collectionReader>
    <casProcessors casPoolSize="3" processingUnitThreadCount="1">
        <casProcessor deployment="integrated" name="YateaAED">
            <descriptor>
                <import name="fr.lipn.nlptools.uima.yatea.YateaAED"/>
            </descriptor>
            <deploymentParameters/>
            <errorHandling>
                <errorRateThreshold action="terminate" value="0/1000"/>
                <maxConsecutiveRestarts action="terminate" value="30"/>
                <timeout max="100000" default="-1"/>
            </errorHandling>
            <checkpoint batch="10000" time="1000ms"/>
            <configurationParameterSettings>
                <nameValuePair>
                    <name>DeleteTempFilesAfterProcess</name>
                    <value>
                        <boolean>false</boolean>
                    </value>
                </nameValuePair>
            </configurationParameterSettings>
        </casProcessor>
        <casProcessor deployment="integrated" name="Xmi Writer CAS Consumer">
            <descriptor>
                <import name="org.apache.uima.tools.components.XmiWriterCasConsumer"/>
            </descriptor>
            <deploymentParameters/>
            <errorHandling>
                <errorRateThreshold action="terminate" value="0/1000"/>
                <maxConsecutiveRestarts action="terminate" value="30"/>
                <timeout max="100000" default="-1"/>
            </errorHandling>
            <checkpoint batch="10000" time="1000ms"/>
            <configurationParameterSettings>
                <nameValuePair>
                    <name>OutputDirectory</name>
                    <value>
                        <string>output</string>
                    </value>
                </nameValuePair>
            </configurationParameterSettings>
        </casProcessor>
    </casProcessors>
    <cpeConfig>
        <numToProcess>-1</numToProcess>
        <deployAs>immediate</deployAs>
        <checkpoint batch="0" time="300000ms"/>
        <timerImpl/>
    </cpeConfig>
</cpeDescription>
